2020-04-13 01:22:46,024 INFO o.a.j.u.JMeterUtils: Setting Locale to ignoreresources
2020-04-13 01:22:46,088 ERROR o.a.j.u.JMeterUtils: Could not find resources for 'ignoreresources'
2020-04-13 01:22:46,110 WARN o.a.j.u.JMeterUtils: Exception 'null' occurred when fetching String property:'jmeter.save.saveservice.base_prefix', defaulting to: ~/
2020-04-13 01:22:46,111 INFO o.a.j.s.FileServer: Default base='C:\Users\Carlos\Downloads\apache-jmeter-5.2.1_src\apache-jmeter-5.2.1\src\protocol\jms'
2020-04-13 01:22:46,207 INFO o.a.j.u.JMeterUtils: Setting Locale to en
2020-04-13 01:22:46,241 WARN o.a.j.u.JMeterUtils: Exception 'null' occurred when fetching String property:'START.MS'
2020-04-13 01:22:46,241 WARN o.a.j.u.JMeterUtils: Exception 'null' occurred when fetching String property:'START.YMD'
2020-04-13 01:22:46,271 WARN o.a.j.u.JMeterUtils: Exception 'null' occurred when fetching String property:'START.HMS'
2020-04-13 01:22:46,271 WARN o.a.j.u.JMeterUtils: Exception 'null' occurred when fetching String property:'TESTSTART.MS'
2020-04-13 01:22:46,295 WARN o.a.j.u.JMeterUtils: Exception 'null' occurred when fetching String property:'classfinder.functions.contain'
2020-04-13 01:22:46,295 WARN o.a.j.u.JMeterUtils: Exception 'null' occurred when fetching String property:'classfinder.functions.notContain'
2020-04-13 01:22:46,296 WARN o.a.j.u.JMeterUtils: Exception 'null' occurred when fetching String property:'search_paths', defaulting to: null
2020-04-13 01:22:46,301 WARN o.a.j.e.u.CompoundVariable: Did not find any functions
2020-04-13 01:22:46,337 WARN o.a.j.u.JMeterUtils: Exception 'null' occurred when fetching String property:'START.MS'
2020-04-13 01:22:46,337 WARN o.a.j.u.JMeterUtils: Exception 'null' occurred when fetching String property:'START.YMD'
2020-04-13 01:22:46,337 WARN o.a.j.u.JMeterUtils: Exception 'null' occurred when fetching String property:'START.HMS'
2020-04-13 01:22:46,337 WARN o.a.j.u.JMeterUtils: Exception 'null' occurred when fetching String property:'TESTSTART.MS'
2020-04-13 01:22:46,373 WARN o.a.j.u.JMeterUtils: Exception 'null' occurred when fetching String property:'START.MS'
2020-04-13 01:22:46,374 WARN o.a.j.u.JMeterUtils: Exception 'null' occurred when fetching String property:'START.YMD'
2020-04-13 01:22:46,374 WARN o.a.j.u.JMeterUtils: Exception 'null' occurred when fetching String property:'START.HMS'
2020-04-13 01:22:46,374 WARN o.a.j.u.JMeterUtils: Exception 'null' occurred when fetching String property:'TESTSTART.MS'
2020-04-13 01:22:46,375 ERROR o.a.j.i.TextFile: Failed to getText
java.nio.file.NoSuchFileException: utf8.txt
	at sun.nio.fs.WindowsException.translateToIOException(WindowsException.java:79) ~[?:1.8.0_221]
	at sun.nio.fs.WindowsException.rethrowAsIOException(WindowsException.java:97) ~[?:1.8.0_221]
	at sun.nio.fs.WindowsException.rethrowAsIOException(WindowsException.java:102) ~[?:1.8.0_221]
	at sun.nio.fs.WindowsFileSystemProvider.newByteChannel(WindowsFileSystemProvider.java:230) ~[?:1.8.0_221]
	at java.nio.file.Files.newByteChannel(Files.java:361) ~[?:1.8.0_221]
	at java.nio.file.Files.newByteChannel(Files.java:407) ~[?:1.8.0_221]
	at java.nio.file.Files.readAllBytes(Files.java:3152) ~[?:1.8.0_221]
	at org.apache.jorphan.io.TextFile.getText(TextFile.java:108) ~[jorphan-5.2.1-SNAPSHOT.jar:5.2.1-SNAPSHOT]
	at org.apache.jmeter.protocol.jms.sampler.render.TextMessageRenderer.getContent(TextMessageRenderer.java:44) ~[main/:?]
	at org.apache.jmeter.protocol.jms.sampler.render.TextMessageRenderer.lambda$getValueFromFile$0(TextMessageRenderer.java:35) ~[main/:?]
	at com.github.benmanes.caffeine.cache.UnboundedLocalCache.lambda$computeIfAbsent$2(UnboundedLocalCache.java:238) ~[caffeine-2.8.0.jar:?]
	at java.util.concurrent.ConcurrentHashMap.computeIfAbsent(ConcurrentHashMap.java:1660) ~[?:1.8.0_221]
	at com.github.benmanes.caffeine.cache.UnboundedLocalCache.computeIfAbsent(UnboundedLocalCache.java:234) ~[caffeine-2.8.0.jar:?]
	at com.github.benmanes.caffeine.cache.LocalCache.computeIfAbsent(LocalCache.java:108) ~[caffeine-2.8.0.jar:?]
	at com.github.benmanes.caffeine.cache.LocalManualCache.get(LocalManualCache.java:62) ~[caffeine-2.8.0.jar:?]
	at org.apache.jmeter.protocol.jms.sampler.render.TextMessageRenderer.getValueFromFile(TextMessageRenderer.java:35) ~[main/:?]
	at org.apache.jmeter.protocol.jms.sampler.render.BinaryMessageRenderer.getValueFromFile(BinaryMessageRenderer.java:50) ~[main/:?]
	at org.apache.jmeter.protocol.jms.sampler.render.BinaryMessageRendererTest.lambda$getValueFromFile_withInvalidEncoding$2(BinaryMessageRendererTest.java:101) ~[test/:?]
	at org.junit.jupiter.api.AssertThrows.assertThrows(AssertThrows.java:55) ~[junit-jupiter-api-5.5.1.jar:5.5.1]
	at org.junit.jupiter.api.AssertThrows.assertThrows(AssertThrows.java:37) ~[junit-jupiter-api-5.5.1.jar:5.5.1]
	at org.junit.jupiter.api.Assertions.assertThrows(Assertions.java:2952) ~[junit-jupiter-api-5.5.1.jar:5.5.1]
	at org.apache.jmeter.protocol.jms.sampler.render.BinaryMessageRendererTest.getValueFromFile_withInvalidEncoding(BinaryMessageRendererTest.java:99) ~[test/:?]
	at sun.reflect.NativeMethodAccessorImpl.invoke0(Native Method) ~[?:1.8.0_221]
	at sun.reflect.NativeMethodAccessorImpl.invoke(NativeMethodAccessorImpl.java:62) ~[?:1.8.0_221]
	at sun.reflect.DelegatingMethodAccessorImpl.invoke(DelegatingMethodAccessorImpl.java:43) ~[?:1.8.0_221]
	at java.lang.reflect.Method.invoke(Method.java:498) ~[?:1.8.0_221]
	at org.junit.platform.commons.util.ReflectionUtils.invokeMethod(ReflectionUtils.java:675) ~[junit-platform-commons-1.5.1.jar:1.5.1]
	at org.junit.jupiter.engine.execution.MethodInvocation.proceed(MethodInvocation.java:60) ~[junit-jupiter-engine-5.5.1.jar:5.5.1]
	at org.junit.jupiter.engine.execution.InvocationInterceptorChain$ValidatingInvocation.proceed(InvocationInterceptorChain.java:125) ~[junit-jupiter-engine-5.5.1.jar:5.5.1]
	at org.junit.jupiter.engine.extension.TimeoutInvocation.proceed(TimeoutInvocation.java:46) ~[junit-jupiter-engine-5.5.1.jar:5.5.1]
	at org.junit.jupiter.engine.extension.TimeoutExtension.intercept(TimeoutExtension.java:132) ~[junit-jupiter-engine-5.5.1.jar:5.5.1]
	at org.junit.jupiter.engine.extension.TimeoutExtension.interceptTestableMethod(TimeoutExtension.java:124) ~[junit-jupiter-engine-5.5.1.jar:5.5.1]
	at org.junit.jupiter.engine.extension.TimeoutExtension.interceptTestMethod(TimeoutExtension.java:74) ~[junit-jupiter-engine-5.5.1.jar:5.5.1]
	at org.junit.jupiter.engine.execution.ExecutableInvoker$ReflectiveInterceptorCall.lambda$ofVoidMethod$0(ExecutableInvoker.java:115) ~[junit-jupiter-engine-5.5.1.jar:5.5.1]
	at org.junit.jupiter.engine.execution.ExecutableInvoker.lambda$invoke$0(ExecutableInvoker.java:105) ~[junit-jupiter-engine-5.5.1.jar:5.5.1]
	at org.junit.jupiter.engine.execution.InvocationInterceptorChain$InterceptedInvocation.proceed(InvocationInterceptorChain.java:104) ~[junit-jupiter-engine-5.5.1.jar:5.5.1]
	at org.junit.jupiter.engine.execution.InvocationInterceptorChain.proceed(InvocationInterceptorChain.java:62) ~[junit-jupiter-engine-5.5.1.jar:5.5.1]
	at org.junit.jupiter.engine.execution.InvocationInterceptorChain.chainAndInvoke(InvocationInterceptorChain.java:43) ~[junit-jupiter-engine-5.5.1.jar:5.5.1]
	at org.junit.jupiter.engine.execution.InvocationInterceptorChain.invoke(InvocationInterceptorChain.java:35) ~[junit-jupiter-engine-5.5.1.jar:5.5.1]
	at org.junit.jupiter.engine.execution.ExecutableInvoker.invoke(ExecutableInvoker.java:104) ~[junit-jupiter-engine-5.5.1.jar:5.5.1]
	at org.junit.jupiter.engine.execution.ExecutableInvoker.invoke(ExecutableInvoker.java:98) ~[junit-jupiter-engine-5.5.1.jar:5.5.1]
	at org.junit.jupiter.engine.descriptor.TestMethodTestDescriptor.lambda$invokeTestMethod$6(TestMethodTestDescriptor.java:202) ~[junit-jupiter-engine-5.5.1.jar:5.5.1]
	at org.junit.platform.engine.support.hierarchical.ThrowableCollector.execute(ThrowableCollector.java:73) ~[junit-platform-engine-1.5.1.jar:1.5.1]
	at org.junit.jupiter.engine.descriptor.TestMethodTestDescriptor.invokeTestMethod(TestMethodTestDescriptor.java:198) ~[junit-jupiter-engine-5.5.1.jar:5.5.1]
	at org.junit.jupiter.engine.descriptor.TestMethodTestDescriptor.execute(TestMethodTestDescriptor.java:135) ~[junit-jupiter-engine-5.5.1.jar:5.5.1]
	at org.junit.jupiter.engine.descriptor.TestMethodTestDescriptor.execute(TestMethodTestDescriptor.java:69) ~[junit-jupiter-engine-5.5.1.jar:5.5.1]
	at org.junit.platform.engine.support.hierarchical.NodeTestTask.lambda$executeRecursively$5(NodeTestTask.java:135) ~[junit-platform-engine-1.5.1.jar:1.5.1]
	at org.junit.platform.engine.support.hierarchical.ThrowableCollector.execute(ThrowableCollector.java:73) ~[junit-platform-engine-1.5.1.jar:1.5.1]
	at org.junit.platform.engine.support.hierarchical.NodeTestTask.lambda$executeRecursively$7(NodeTestTask.java:125) ~[junit-platform-engine-1.5.1.jar:1.5.1]
	at org.junit.platform.engine.support.hierarchical.Node.around(Node.java:135) ~[junit-platform-engine-1.5.1.jar:1.5.1]
	at org.junit.platform.engine.support.hierarchical.NodeTestTask.lambda$executeRecursively$8(NodeTestTask.java:123) ~[junit-platform-engine-1.5.1.jar:1.5.1]
	at org.junit.platform.engine.support.hierarchical.ThrowableCollector.execute(ThrowableCollector.java:73) ~[junit-platform-engine-1.5.1.jar:1.5.1]
	at org.junit.platform.engine.support.hierarchical.NodeTestTask.executeRecursively(NodeTestTask.java:122) ~[junit-platform-engine-1.5.1.jar:1.5.1]
	at org.junit.platform.engine.support.hierarchical.NodeTestTask.execute(NodeTestTask.java:80) ~[junit-platform-engine-1.5.1.jar:1.5.1]
	at org.junit.platform.engine.support.hierarchical.ForkJoinPoolHierarchicalTestExecutorService$ExclusiveTask.compute(ForkJoinPoolHierarchicalTestExecutorService.java:171) ~[junit-platform-engine-1.5.1.jar:1.5.1]
	at org.junit.platform.engine.support.hierarchical.ForkJoinPoolHierarchicalTestExecutorService.executeNonConcurrentTasks(ForkJoinPoolHierarchicalTestExecutorService.java:141) ~[junit-platform-engine-1.5.1.jar:1.5.1]
	at org.junit.platform.engine.support.hierarchical.ForkJoinPoolHierarchicalTestExecutorService.invokeAll(ForkJoinPoolHierarchicalTestExecutorService.java:121) ~[junit-platform-engine-1.5.1.jar:1.5.1]
	at org.junit.platform.engine.support.hierarchical.NodeTestTask.lambda$executeRecursively$5(NodeTestTask.java:139) ~[junit-platform-engine-1.5.1.jar:1.5.1]
	at org.junit.platform.engine.support.hierarchical.ThrowableCollector.execute(ThrowableCollector.java:73) ~[junit-platform-engine-1.5.1.jar:1.5.1]
	at org.junit.platform.engine.support.hierarchical.NodeTestTask.lambda$executeRecursively$7(NodeTestTask.java:125) ~[junit-platform-engine-1.5.1.jar:1.5.1]
	at org.junit.platform.engine.support.hierarchical.Node.around(Node.java:135) ~[junit-platform-engine-1.5.1.jar:1.5.1]
	at org.junit.platform.engine.support.hierarchical.NodeTestTask.lambda$executeRecursively$8(NodeTestTask.java:123) ~[junit-platform-engine-1.5.1.jar:1.5.1]
	at org.junit.platform.engine.support.hierarchical.ThrowableCollector.execute(ThrowableCollector.java:73) ~[junit-platform-engine-1.5.1.jar:1.5.1]
	at org.junit.platform.engine.support.hierarchical.NodeTestTask.executeRecursively(NodeTestTask.java:122) ~[junit-platform-engine-1.5.1.jar:1.5.1]
	at org.junit.platform.engine.support.hierarchical.NodeTestTask.execute(NodeTestTask.java:80) ~[junit-platform-engine-1.5.1.jar:1.5.1]
	at org.junit.platform.engine.support.hierarchical.ForkJoinPoolHierarchicalTestExecutorService$ExclusiveTask.compute(ForkJoinPoolHierarchicalTestExecutorService.java:171) ~[junit-platform-engine-1.5.1.jar:1.5.1]
	at org.junit.platform.engine.support.hierarchical.ForkJoinPoolHierarchicalTestExecutorService.executeNonConcurrentTasks(ForkJoinPoolHierarchicalTestExecutorService.java:141) ~[junit-platform-engine-1.5.1.jar:1.5.1]
	at org.junit.platform.engine.support.hierarchical.ForkJoinPoolHierarchicalTestExecutorService.invokeAll(ForkJoinPoolHierarchicalTestExecutorService.java:121) ~[junit-platform-engine-1.5.1.jar:1.5.1]
	at org.junit.platform.engine.support.hierarchical.NodeTestTask.lambda$executeRecursively$5(NodeTestTask.java:139) ~[junit-platform-engine-1.5.1.jar:1.5.1]
	at org.junit.platform.engine.support.hierarchical.ThrowableCollector.execute(ThrowableCollector.java:73) ~[junit-platform-engine-1.5.1.jar:1.5.1]
	at org.junit.platform.engine.support.hierarchical.NodeTestTask.lambda$executeRecursively$7(NodeTestTask.java:125) ~[junit-platform-engine-1.5.1.jar:1.5.1]
	at org.junit.platform.engine.support.hierarchical.Node.around(Node.java:135) ~[junit-platform-engine-1.5.1.jar:1.5.1]
	at org.junit.platform.engine.support.hierarchical.NodeTestTask.lambda$executeRecursively$8(NodeTestTask.java:123) ~[junit-platform-engine-1.5.1.jar:1.5.1]
	at org.junit.platform.engine.support.hierarchical.ThrowableCollector.execute(ThrowableCollector.java:73) [junit-platform-engine-1.5.1.jar:1.5.1]
	at org.junit.platform.engine.support.hierarchical.NodeTestTask.executeRecursively(NodeTestTask.java:122) [junit-platform-engine-1.5.1.jar:1.5.1]
	at org.junit.platform.engine.support.hierarchical.NodeTestTask.execute(NodeTestTask.java:80) [junit-platform-engine-1.5.1.jar:1.5.1]
	at org.junit.platform.engine.support.hierarchical.ForkJoinPoolHierarchicalTestExecutorService$ExclusiveTask.compute(ForkJoinPoolHierarchicalTestExecutorService.java:171) [junit-platform-engine-1.5.1.jar:1.5.1]
	at java.util.concurrent.RecursiveAction.exec(RecursiveAction.java:189) [?:1.8.0_221]
	at java.util.concurrent.ForkJoinTask.doExec(ForkJoinTask.java:289) [?:1.8.0_221]
	at java.util.concurrent.ForkJoinPool$WorkQueue.runTask(ForkJoinPool.java:1056) [?:1.8.0_221]
	at java.util.concurrent.ForkJoinPool.runWorker(ForkJoinPool.java:1692) [?:1.8.0_221]
	at java.util.concurrent.ForkJoinWorkerThread.run(ForkJoinWorkerThread.java:157) [?:1.8.0_221]
2020-04-13 01:22:46,435 WARN o.a.j.u.JMeterUtils: Exception 'null' occurred when fetching String property:'START.MS'
2020-04-13 01:22:46,441 WARN o.a.j.u.JMeterUtils: Exception 'null' occurred when fetching String property:'START.YMD'
2020-04-13 01:22:46,442 WARN o.a.j.u.JMeterUtils: Exception 'null' occurred when fetching String property:'START.HMS'
2020-04-13 01:22:46,442 WARN o.a.j.u.JMeterUtils: Exception 'null' occurred when fetching String property:'TESTSTART.MS'
2020-04-13 01:22:46,636 WARN o.a.j.u.JMeterUtils: Exception 'null' occurred when fetching String property:'START.MS'
2020-04-13 01:22:46,636 WARN o.a.j.u.JMeterUtils: Exception 'null' occurred when fetching String property:'START.YMD'
2020-04-13 01:22:46,636 WARN o.a.j.u.JMeterUtils: Exception 'null' occurred when fetching String property:'START.HMS'
2020-04-13 01:22:46,636 WARN o.a.j.u.JMeterUtils: Exception 'null' occurred when fetching String property:'TESTSTART.MS'
2020-04-13 01:22:46,700 WARN o.a.j.u.JMeterUtils: Exception 'null' occurred when fetching String property:'START.MS'
2020-04-13 01:22:46,700 WARN o.a.j.u.JMeterUtils: Exception 'null' occurred when fetching String property:'START.YMD'
2020-04-13 01:22:46,700 WARN o.a.j.u.JMeterUtils: Exception 'null' occurred when fetching String property:'START.HMS'
2020-04-13 01:22:46,700 WARN o.a.j.u.JMeterUtils: Exception 'null' occurred when fetching String property:'TESTSTART.MS'
2020-04-13 01:22:46,735 WARN o.a.j.u.JMeterUtils: Exception 'null' occurred when fetching String property:'START.MS'
2020-04-13 01:22:46,736 WARN o.a.j.u.JMeterUtils: Exception 'null' occurred when fetching String property:'START.YMD'
2020-04-13 01:22:46,736 WARN o.a.j.u.JMeterUtils: Exception 'null' occurred when fetching String property:'START.HMS'
2020-04-13 01:22:46,736 WARN o.a.j.u.JMeterUtils: Exception 'null' occurred when fetching String property:'TESTSTART.MS'
2020-04-13 01:22:46,748 WARN o.a.j.u.JMeterUtils: Exception 'null' occurred when fetching String property:'START.MS'
2020-04-13 01:22:46,749 WARN o.a.j.u.JMeterUtils: Exception 'null' occurred when fetching String property:'START.YMD'
2020-04-13 01:22:46,749 WARN o.a.j.u.JMeterUtils: Exception 'null' occurred when fetching String property:'START.HMS'
2020-04-13 01:22:46,749 WARN o.a.j.u.JMeterUtils: Exception 'null' occurred when fetching String property:'TESTSTART.MS'
2020-04-13 01:22:46,781 WARN o.a.j.u.JMeterUtils: Exception 'null' occurred when fetching String property:'START.MS'
2020-04-13 01:22:46,782 WARN o.a.j.u.JMeterUtils: Exception 'null' occurred when fetching String property:'START.YMD'
2020-04-13 01:22:46,782 WARN o.a.j.u.JMeterUtils: Exception 'null' occurred when fetching String property:'START.HMS'
2020-04-13 01:22:46,782 WARN o.a.j.u.JMeterUtils: Exception 'null' occurred when fetching String property:'TESTSTART.MS'
2020-04-13 01:22:47,379 WARN o.a.j.u.JMeterUtils: Exception 'null' occurred when fetching String property:'START.MS'
2020-04-13 01:22:47,379 WARN o.a.j.u.JMeterUtils: Exception 'null' occurred when fetching String property:'START.YMD'
2020-04-13 01:22:47,379 WARN o.a.j.u.JMeterUtils: Exception 'null' occurred when fetching String property:'START.HMS'
2020-04-13 01:22:47,379 WARN o.a.j.u.JMeterUtils: Exception 'null' occurred when fetching String property:'TESTSTART.MS'
2020-04-13 01:22:47,392 WARN o.a.j.u.JMeterUtils: Exception 'null' occurred when fetching String property:'START.MS'
2020-04-13 01:22:47,392 WARN o.a.j.u.JMeterUtils: Exception 'null' occurred when fetching String property:'START.YMD'
2020-04-13 01:22:47,393 WARN o.a.j.u.JMeterUtils: Exception 'null' occurred when fetching String property:'START.HMS'
2020-04-13 01:22:47,393 WARN o.a.j.u.JMeterUtils: Exception 'null' occurred when fetching String property:'TESTSTART.MS'
2020-04-13 01:22:47,405 WARN o.a.j.u.JMeterUtils: Exception 'null' occurred when fetching String property:'START.MS'
2020-04-13 01:22:47,410 WARN o.a.j.u.JMeterUtils: Exception 'null' occurred when fetching String property:'START.YMD'
2020-04-13 01:22:47,410 WARN o.a.j.u.JMeterUtils: Exception 'null' occurred when fetching String property:'START.HMS'
2020-04-13 01:22:47,410 WARN o.a.j.u.JMeterUtils: Exception 'null' occurred when fetching String property:'TESTSTART.MS'
2020-04-13 01:22:47,421 WARN o.a.j.u.JMeterUtils: Exception 'null' occurred when fetching String property:'START.MS'
2020-04-13 01:22:47,421 WARN o.a.j.u.JMeterUtils: Exception 'null' occurred when fetching String property:'START.YMD'
2020-04-13 01:22:47,421 WARN o.a.j.u.JMeterUtils: Exception 'null' occurred when fetching String property:'START.HMS'
2020-04-13 01:22:47,421 WARN o.a.j.u.JMeterUtils: Exception 'null' occurred when fetching String property:'TESTSTART.MS'
2020-04-13 01:22:47,444 WARN o.a.j.u.JMeterUtils: Exception 'null' occurred when fetching String property:'START.MS'
2020-04-13 01:22:47,445 WARN o.a.j.u.JMeterUtils: Exception 'null' occurred when fetching String property:'START.YMD'
2020-04-13 01:22:47,445 WARN o.a.j.u.JMeterUtils: Exception 'null' occurred when fetching String property:'START.HMS'
2020-04-13 01:22:47,446 WARN o.a.j.u.JMeterUtils: Exception 'null' occurred when fetching String property:'TESTSTART.MS'
2020-04-13 01:22:47,451 WARN o.a.j.u.JMeterUtils: Exception 'null' occurred when fetching String property:'START.MS'
2020-04-13 01:22:47,451 WARN o.a.j.u.JMeterUtils: Exception 'null' occurred when fetching String property:'START.YMD'
2020-04-13 01:22:47,451 WARN o.a.j.u.JMeterUtils: Exception 'null' occurred when fetching String property:'START.HMS'
2020-04-13 01:22:47,452 WARN o.a.j.u.JMeterUtils: Exception 'null' occurred when fetching String property:'TESTSTART.MS'
2020-04-13 01:22:47,456 WARN o.a.j.u.JMeterUtils: Exception 'null' occurred when fetching String property:'START.MS'
2020-04-13 01:22:47,457 WARN o.a.j.u.JMeterUtils: Exception 'null' occurred when fetching String property:'START.YMD'
2020-04-13 01:22:47,457 WARN o.a.j.u.JMeterUtils: Exception 'null' occurred when fetching String property:'START.HMS'
2020-04-13 01:22:47,457 WARN o.a.j.u.JMeterUtils: Exception 'null' occurred when fetching String property:'TESTSTART.MS'
2020-04-13 01:22:47,462 WARN o.a.j.u.JMeterUtils: Exception 'null' occurred when fetching String property:'START.MS'
2020-04-13 01:22:47,462 WARN o.a.j.u.JMeterUtils: Exception 'null' occurred when fetching String property:'START.YMD'
2020-04-13 01:22:47,462 WARN o.a.j.u.JMeterUtils: Exception 'null' occurred when fetching String property:'START.HMS'
2020-04-13 01:22:47,462 WARN o.a.j.u.JMeterUtils: Exception 'null' occurred when fetching String property:'TESTSTART.MS'
2020-04-13 01:22:47,468 WARN o.a.j.u.JMeterUtils: Exception 'null' occurred when fetching String property:'START.MS'
2020-04-13 01:22:47,468 WARN o.a.j.u.JMeterUtils: Exception 'null' occurred when fetching String property:'START.YMD'
2020-04-13 01:22:47,468 WARN o.a.j.u.JMeterUtils: Exception 'null' occurred when fetching String property:'START.HMS'
2020-04-13 01:22:47,468 WARN o.a.j.u.JMeterUtils: Exception 'null' occurred when fetching String property:'TESTSTART.MS'
2020-04-13 01:22:47,475 WARN o.a.j.u.JMeterUtils: Exception 'null' occurred when fetching String property:'START.MS'
2020-04-13 01:22:47,476 WARN o.a.j.u.JMeterUtils: Exception 'null' occurred when fetching String property:'START.YMD'
2020-04-13 01:22:47,476 WARN o.a.j.u.JMeterUtils: Exception 'null' occurred when fetching String property:'START.HMS'
2020-04-13 01:22:47,476 WARN o.a.j.u.JMeterUtils: Exception 'null' occurred when fetching String property:'TESTSTART.MS'
2020-04-13 01:22:47,481 WARN o.a.j.u.JMeterUtils: Exception 'null' occurred when fetching String property:'START.MS'
2020-04-13 01:22:47,481 WARN o.a.j.u.JMeterUtils: Exception 'null' occurred when fetching String property:'START.YMD'
2020-04-13 01:22:47,481 WARN o.a.j.u.JMeterUtils: Exception 'null' occurred when fetching String property:'START.HMS'
2020-04-13 01:22:47,481 WARN o.a.j.u.JMeterUtils: Exception 'null' occurred when fetching String property:'TESTSTART.MS'
